Base path: C:/Program Files (x86)/Unity/Editor/Data
Pipe name: \\.\pipe\UnityShaderCompiler-4-6040
Cmd: getPlatforms
Cmd: compileSnippet
  api=4 type=0 insize=4871 outsize=2607 kw=DIRECTIONAL SHADOWS_OFF LIGHTMAP_OFF DIRLIGHTMAP_OFF ok=1
Cmd: compileSnippet
  api=4 type=0 insize=4871 outsize=1883 kw=DIRECTIONAL SHADOWS_SCREEN LIGHTMAP_ON DIRLIGHTMAP_OFF ok=1
Cmd: compileSnippet
  api=0 type=0 insize=4871 outsize=1693 kw=DIRECTIONAL SHADOWS_SCREEN LIGHTMAP_OFF DIRLIGHTMAP_OFF VERTEXLIGHT_ON ok=1
Cmd: compileSnippet
  api=4 type=0 insize=4871 outsize=4719 kw=DIRECTIONAL SHADOWS_SCREEN LIGHTMAP_OFF DIRLIGHTMAP_OFF VERTEXLIGHT_ON ok=1
Cmd: compileSnippet
  api=4 type=1 insize=4871 outsize=1453 kw=DIRECTIONAL SHADOWS_OFF LIGHTMAP_OFF DIRLIGHTMAP_OFF ok=1
Cmd: compileSnippet
  api=4 type=1 insize=4871 outsize=1128 kw=DIRECTIONAL SHADOWS_OFF LIGHTMAP_ON DIRLIGHTMAP_OFF ok=1
Cmd: compileSnippet
  api=4 type=1 insize=4871 outsize=1770 kw=DIRECTIONAL SHADOWS_SCREEN LIGHTMAP_OFF DIRLIGHTMAP_OFF ok=1
Cmd: compileSnippet
  api=0 type=1 insize=4871 outsize=492 kw=DIRECTIONAL SHADOWS_SCREEN LIGHTMAP_ON DIRLIGHTMAP_OFF ok=1
Cmd: compileSnippet
  api=1 type=1 insize=4871 outsize=385 kw=DIRECTIONAL SHADOWS_SCREEN LIGHTMAP_ON DIRLIGHTMAP_OFF ok=1
Cmd: compileSnippet
  api=0 type=0 insize=2847 outsize=560 kw=DIRECTIONAL ok=1
Cmd: compileSnippet
  api=4 type=0 insize=2847 outsize=1851 kw=DIRECTIONAL ok=1
Cmd: compileSnippet
  api=0 type=0 insize=2847 outsize=854 kw=SPOT ok=1
Cmd: compileSnippet
  api=4 type=0 insize=2847 outsize=2875 kw=POINT_COOKIE ok=1
Cmd: compileSnippet
  api=4 type=0 insize=2847 outsize=2542 kw=DIRECTIONAL_COOKIE ok=1
Cmd: compileSnippet
  api=8 type=1 insize=2847 outsize=2690 kw=POINT ok=1
Cmd: compileSnippet
  api=4 type=1 insize=2847 outsize=1339 kw=DIRECTIONAL ok=1
Cmd: compileSnippet
  api=1 type=1 insize=2847 outsize=586 kw=POINT_COOKIE ok=1
Cmd: compileSnippet
  api=8 type=1 insize=2847 outsize=2917 kw=POINT_COOKIE ok=1
Cmd: compileSnippet
  api=4 type=0 insize=867 outsize=1599 kw= ok=1
Cmd: compileSnippet
  api=4 type=1 insize=1135 outsize=1071 kw= ok=1
Unhandled exception: Readfile from pipe failed. GLE=The pipe has been ended.


Quitting shader compiler process
